2624000319=Буденновск Горэлектросеть
2626020600=Ессентуки Горэлектросеть
0711008455=КабБалк-Энерго
0814166090=Калмэнерго
2460066195=Каскад Кубанских ГЭС
2624033219=Кисловодская ТЭЦ
2309001660=Кубаньэнерго
2308119595=Кубаньэнергосбыт
0901000327=КЧЭ
2635116509=Монокристалл
2631054273=Невинномысск Горэлектросеть
2631015563=Невинномысский АЗОТ
2607018122=ОГК-2 СтГРЭС
6671156423=ОГК-5 НГРЭС
2632021520=Пятигорск Горэлектросеть
7706525041=РН-Энерго
1502002701=Севкавэнерго
1111111111=СКЖД
2632047085=Ставрополькоммунэлектро
4716016979=ФСК МЭС Юга
2628002660=Кисловодск Горэлектросеть
7736520080=ООО РЭК (Метро Ставрополь)
2632047085=Ставрополькоммунэлектро
0000000000=Ставропольские сети
2016081143=Чеченэнерго
7736520080=Мосэнергосбыт
2624033219=Буденновская ТЭС (Лукойл)